<?xml version="1.0" encoding="UTF-8"?>
<!-- Generated by org.testng.reporters.JUnitReportReporter -->
<testsuite skipped="0" hostname="Laxman" name="maven.DataproviderTest" tests="4" failures="0" timestamp="2023-10-16T19:20:42 IST" time="0.021" errors="0">
  <testcase name="Sum" time="0.001" classname="maven.DataproviderTest"/>
  <system-out/>
  <testcase name="Diff" time="0.008" classname="maven.DataproviderTest"/>
  <system-out/>
  <testcase name="Diff" time="0.012" classname="maven.DataproviderTest"/>
  <system-out/>
  <testcase name="Sum" time="0.000" classname="maven.DataproviderTest"/>
  <system-out/>
</testsuite> <!-- maven.DataproviderTest -->
