<?xml version="1.0" encoding="UTF-8"?>
<!-- Generated by org.testng.reporters.JUnitReportReporter -->
<testsuite skipped="0" hostname="Laxman" name="maven.NewTest" tests="5" failures="0" timestamp="2023-10-16T19:31:44 IST" time="0.004" errors="0">
  <testcase name="d" time="0.000" classname="maven.NewTest"/>
  <system-out/>
  <testcase name="e" time="0.004" classname="maven.NewTest"/>
  <system-out/>
  <testcase name="b" time="0.000" classname="maven.NewTest"/>
  <system-out/>
  <testcase name="a" time="0.000" classname="maven.NewTest"/>
  <system-out>
    <![CDATA[Reporter log method...]]>
  </system-out>
  <testcase name="c" time="0.000" classname="maven.NewTest"/>
  <system-out/>
</testsuite> <!-- maven.NewTest -->
